{
  "RSpec": {
    "coverage": {
      "/Users/hareramrai/workspace/meteor/smart_url/app/models/short_url.rb": [
        1,
        1,
        1,
        null,
        1,
        38,
        null,
        null,
        1,
        null,
        1,
        37,
        null,
        null
      ],
      "/Users/hareramrai/workspace/meteor/smart_url/app/models/concerns/encoder.rb": [
        1,
        1,
        null,
        1,
        37,
        null,
        null,
        1,
        37,
        null,
        null
      ],
      "/Users/hareramrai/workspace/meteor/smart_url/app/controllers/short_urls_controller.rb": [
        1,
        1,
        null,
        null,
        null,
        1,
        3,
        null,
        null,
        null,
        null,
        1,
        null,
        null,
        null,
        1,
        2,
        null,
        null,
        null,
        1,
        null,
        null,
        null,
        null,
        1,
        2,
        null,
        2,
        2,
        2,
        1,
        null,
        2,
        1,
        null,
        null,
        null,
        null,
        null,
        null,
        1,
        2,
        2,
        2,
        1,
        null,
        2,
        1,
        null,
        null,
        null,
        null,
        null,
        null,
        1,
        1,
        1,
        2,
        1,
        null,
        null,
        null,
        1,
        1,
        1,
        null,
        null,
        1,
        null,
        1,
        5,
        null,
        null,
        null,
        1,
        4,
        null,
        null
      ]
    },
    "timestamp": 1525605459
  }
}
